<?xml version="1.0" encoding="UTF-8"?>
<testsuite xmlns:xsi="http://www.w3.org/2001/XMLSchema-instance" xsi:noNamespaceSchemaLocation="https://maven.apache.org/surefire/maven-surefire-plugin/xsd/surefire-test-report-3.0.xsd" version="3.0" name="dk.sdu.cbse.collisionsystem.CollisionDetectorTest" time="0.935" tests="7" errors="0" skipped="0" failures="0">
  <properties>
[...]
</properties>
  <testcase name="process_publishesEventOnCollision" classname="dk.sdu.cbse.collisionsystem.CollisionDetectorTest" time="0.888">
    <system-err><![CDATA[WARNING: A Java agent has been loaded dynamically (C:\Users\abode\.m2\repository\net\bytebuddy\byte-buddy-agent\1.14.10\byte-buddy-agent-1.14.10.jar)
WARNING: If a serviceability tool is in use, please run with -XX:+EnableDynamicAgentLoading to hide this warning
WARNING: If a serviceability tool is not in use, please run with -Djdk.instrument.traceUsage for more information
WARNING: Dynamic loading of agents will be disallowed by default in a future release
]]></system-err>
  </testcase>
  <testcase name="process_doesNotPublishEventWhenNoCollision" classname="dk.sdu.cbse.collisionsystem.CollisionDetectorTest" time="0.006"/>
  <testcase name="collides_whenEntitiesOverlap_returnsTrue" classname="dk.sdu.cbse.collisionsystem.CollisionDetectorTest" time="0.004"/>
  <testcase name="collides_exactlyAtBoundary_returnsFalse" classname="dk.sdu.cbse.collisionsystem.CollisionDetectorTest" time="0.001"/>
  <testcase name="process_doesNotRemoveNonCollidingEntities" classname="dk.sdu.cbse.collisionsystem.CollisionDetectorTest" time="0.002"/>
  <testcase name="collides_whenEntitiesApart_returnsFalse" classname="dk.sdu.cbse.collisionsystem.CollisionDetectorTest" time="0.002"/>
  <testcase name="process_removesCollidingEntities" classname="dk.sdu.cbse.collisionsystem.CollisionDetectorTest" time="0.002"/>
</testsuite>